<?xml version="1.0" encoding="UTF-8"?>
<!-- Generated by org.testng.reporters.JUnitReportReporter -->
<testsuite hostname="DESKTOP-07O4F2U" failures="0" tests="1" name="com.Actitime.Testscript.CreateCustomer" time="12.345" errors="0" timestamp="2023-02-22T09:00:44 IST" skipped="0">
  <testcase classname="com.Actitime.Testscript.CreateCustomer" name="createCustomer" time="12.345"/>
  <system-out>
    <![CDATA[Assertion Pass]]>
  </system-out>
</testsuite> <!-- com.Actitime.Testscript.CreateCustomer -->
