<?xml version="1.0" encoding="UTF-8"?>
<!-- Generated by org.testng.reporters.JUnitReportReporter -->
<testsuite hostname="DESKTOP-07O4F2U" failures="0" tests="1" name="com.Actitime.Testscript.Assertion" time="7.774" errors="0" timestamp="2023-02-21T09:51:19 IST" skipped="0">
  <testcase classname="com.Actitime.Testscript.Assertion" name="demoassertion" time="7.774"/>
  <system-out/>
</testsuite> <!-- com.Actitime.Testscript.Assertion -->
