<?xml version="1.0" encoding="UTF-8"?>
<!-- Generated by org.testng.reporters.JUnitReportReporter -->
<testsuite hostname="DESKTOP-07O4F2U" failures="0" tests="1" name="com.Actitime.Testscript.Assert" time="7.492" errors="0" timestamp="2023-02-21T09:13:23 IST" skipped="0">
  <testcase classname="com.Actitime.Testscript.Assert" name="demoassertion" time="7.492"/>
  <system-out/>
</testsuite> <!-- com.Actitime.Testscript.Assert -->
